<?xml version="1.0" encoding="UTF-8"?>
<!-- Generated by org.testng.reporters.JUnitReportReporter -->
<testsuite name="test.ReadWebpage" tests="2" failures="0" timestamp="29 Apr 2016 12:40:39 GMT" time="1.383" errors="0">
  <testcase name="RobotFile" time="1.254" classname="test.ReadWebpage"/>
  <testcase name="SecureSite" time="0.129" classname="test.ReadWebpage"/>
</testsuite> <!-- test.ReadWebpage -->
